Using pre-set license
Built from '2021.3/staging' branch; Version is '2021.3.11f1 (0a5ca18544bf) revision 679073'; Using compiler version '192829333'; Build Type 'Release'
OS: 'Windows 11  (10.0.22621) 64bit Core' Language: 'en' Physical Memory: 16085 MB
BatchMode: 1, IsHumanControllingUs: 0, StartBugReporterOnCrash: 0, Is64bit: 1, IsPro: 1

COMMAND LINE ARGUMENTS:
C:\Program Files\Unity\Hub\Editor\2021.3.11f1\Editor\Unity.exe
-adb2
-batchMode
-noUpm
-name
AssetImportWorker3
-projectPath
C:/GITHUB PROJECTS/Game330Feature_GOW/GodofWar-AxeThrow
-logFile
Logs/AssetImportWorker3.log
-srvPort
53902
Successfully changed project path to: C:/GITHUB PROJECTS/Game330Feature_GOW/GodofWar-AxeThrow
C:/GITHUB PROJECTS/Game330Feature_GOW/GodofWar-AxeThrow
[UnityMemory] Configuration Parameters - Can be set up in boot.config
    "memorysetup-bucket-allocator-granularity=16"
    "memorysetup-bucket-allocator-bucket-count=8"
    "memorysetup-bucket-allocator-block-size=33554432"
    "memorysetup-bucket-allocator-block-count=8"
    "memorysetup-main-allocator-block-size=16777216"
    "memorysetup-thread-allocator-block-size=16777216"
    "memorysetup-gfx-main-allocator-block-size=16777216"
    "memorysetup-gfx-thread-allocator-block-size=16777216"
    "memorysetup-cache-allocator-block-size=4194304"
    "memorysetup-typetree-allocator-block-size=2097152"
    "memorysetup-profiler-bucket-allocator-granularity=16"
    "memorysetup-profiler-bucket-allocator-bucket-count=8"
    "memorysetup-profiler-bucket-allocator-block-size=33554432"
    "memorysetup-profiler-bucket-allocator-block-count=8"
    "memorysetup-profiler-allocator-block-size=16777216"
    "memorysetup-profiler-editor-allocator-block-size=1048576"
    "memorysetup-temp-allocator-size-main=16777216"
    "memorysetup-job-temp-allocator-block-size=2097152"
    "memorysetup-job-temp-allocator-block-size-background=1048576"
    "memorysetup-job-temp-allocator-reduction-small-platforms=262144"
    "memorysetup-temp-allocator-size-background-worker=32768"
    "memorysetup-temp-allocator-size-job-worker=262144"
    "memorysetup-temp-allocator-size-preload-manager=33554432"
    "memorysetup-temp-allocator-size-nav-mesh-worker=65536"
    "memorysetup-temp-allocator-size-audio-worker=65536"
    "memorysetup-temp-allocator-size-cloud-worker=32768"
    "memorysetup-temp-allocator-size-gi-baking-worker=262144"
    "memorysetup-temp-allocator-size-gfx=262144"
Refreshing native plugins compatible for Editor in 108.92 ms, found 2 plugins.
Preloading 0 native plugins for Editor in 0.00 ms.
Initialize engine version: 2021.3.11f1 (0a5ca18544bf)
[Subsystems] Discovering subsystems at path C:/Program Files/Unity/Hub/Editor/2021.3.11f1/Editor/Data/Resources/UnitySubsystems
[Subsystems] Discovering subsystems at path C:/GITHUB PROJECTS/Game330Feature_GOW/GodofWar-AxeThrow/Assets
GfxDevice: creating device client; threaded=0; jobified=0
Direct3D:
    Version:  Direct3D 11.0 [level 11.1]
    Renderer: NVIDIA GeForce RTX 3060 Laptop GPU (ID=0x2520)
    Vendor:   NVIDIA
    VRAM:     6023 MB
    Driver:   31.0.15.2225
Initialize mono
Mono path[0] = 'C:/Program Files/Unity/Hub/Editor/2021.3.11f1/Editor/Data/Managed'
Mono path[1] = 'C:/Program Files/Unity/Hub/Editor/2021.3.11f1/Editor/Data/MonoBleedingEdge/lib/mono/unityjit-win32'
Mono config path = 'C:/Program Files/Unity/Hub/Editor/2021.3.11f1/Editor/Data/MonoBleedingEdge/etc'
Using monoOptions --debugger-agent=transport=dt_socket,embedding=1,server=y,suspend=n,address=127.0.0.1:56556
Begin MonoManager ReloadAssembly
Registering precompiled unity dll's ...
Register platform support module: C:/Program Files/Unity/Hub/Editor/2021.3.11f1/Editor/Data/PlaybackEngines/WebGLSupport/UnityEditor.WebGL.Extensions.dll
Register platform support module: C:/Program Files/Unity/Hub/Editor/2021.3.11f1/Editor/Data/PlaybackEngines/AndroidPlayer/UnityEditor.Android.Extensions.dll
Register platform support module: C:/Program Files/Unity/Hub/Editor/2021.3.11f1/Editor/Data/PlaybackEngines/iOSSupport/UnityEditor.iOS.Extensions.dll
Register platform support module: C:/Program Files/Unity/Hub/Editor/2021.3.11f1/Editor/Data/PlaybackEngines/WindowsStandaloneSupport/UnityEditor.WindowsStandalone.Extensions.dll
Registered in 0.022059 seconds.
Native extension for WindowsStandalone target not found
Native extension for iOS target not found
Native extension for Android target not found
Native extension for WebGL target not found
Refreshing native plugins compatible for Editor in 95.19 ms, found 2 plugins.
Preloading 0 native plugins for Editor in 0.00 ms.
Mono: successfully reloaded assembly
- Completed reload, in  1.038 seconds
Domain Reload Profiling:
	ReloadAssembly (1039ms)
		BeginReloadAssembly (114ms)
			ExecutionOrderSort (0ms)
			DisableScriptedObjects (0ms)
			BackupInstance (0ms)
			ReleaseScriptingObjects (0ms)
			CreateAndSetChildDomain (1ms)
		EndReloadAssembly (688ms)
			LoadAssemblies (112ms)
			RebuildTransferFunctionScriptingTraits (0ms)
			SetupTypeCache (198ms)
			ReleaseScriptCaches (0ms)
			RebuildScriptCaches (33ms)
			SetupLoadedEditorAssemblies (384ms)
				LogAssemblyErrors (0ms)
				InitializePlatformSupportModulesInManaged (90ms)
				SetLoadedEditorAssemblies (0ms)
				RefreshPlugins (95ms)
				BeforeProcessingInitializeOnLoad (2ms)
				ProcessInitializeOnLoadAttributes (127ms)
				ProcessInitializeOnLoadMethodAttributes (69ms)
				AfterProcessingInitializeOnLoad (0ms)
				EditorAssembliesLoaded (0ms)
			ExecutionOrderSort2 (0ms)
			AwakeInstancesAfterBackupRestoration (0ms)
Platform modules already initialized, skipping
Registering precompiled user dll's ...
Registered in 0.015038 seconds.
Begin MonoManager ReloadAssembly
Native extension for WindowsStandalone target not found
Native extension for iOS target not found
Native extension for Android target not found
Native extension for WebGL target not found
Refreshing native plugins compatible for Editor in 0.73 ms, found 2 plugins.
Preloading 0 native plugins for Editor in 0.00 ms.
Package Manager log level set to [2]
Mono: successfully reloaded assembly
- Completed reload, in  1.588 seconds
Domain Reload Profiling:
	ReloadAssembly (1590ms)
		BeginReloadAssembly (278ms)
			ExecutionOrderSort (0ms)
			DisableScriptedObjects (9ms)
			BackupInstance (0ms)
			ReleaseScriptingObjects (0ms)
			CreateAndSetChildDomain (145ms)
		EndReloadAssembly (1163ms)
			LoadAssemblies (117ms)
			RebuildTransferFunctionScriptingTraits (0ms)
			SetupTypeCache (226ms)
			ReleaseScriptCaches (1ms)
			RebuildScriptCaches (66ms)
			SetupLoadedEditorAssemblies (710ms)
				LogAssemblyErrors (0ms)
				InitializePlatformSupportModulesInManaged (26ms)
				SetLoadedEditorAssemblies (0ms)
				RefreshPlugins (1ms)
				BeforeProcessingInitializeOnLoad (94ms)
				ProcessInitializeOnLoadAttributes (460ms)
				ProcessInitializeOnLoadMethodAttributes (120ms)
				AfterProcessingInitializeOnLoad (9ms)
				EditorAssembliesLoaded (0ms)
			ExecutionOrderSort2 (0ms)
			AwakeInstancesAfterBackupRestoration (7ms)
Platform modules already initialized, skipping
========================================================================
Worker process is ready to serve import requests
Launched and connected shader compiler UnityShaderCompiler.exe after 0.04 seconds
Refreshing native plugins compatible for Editor in 0.82 ms, found 2 plugins.
Preloading 0 native plugins for Editor in 0.00 ms.
Unloading 3126 Unused Serialized files (Serialized files now loaded: 0)
Unloading 194 unused Assets / (1.4 MB). Loaded Objects now: 3546.
Memory consumption went from 201.9 MB to 200.5 MB.
Total: 7.002600 ms (FindLiveObjects: 0.265800 ms CreateObjectMapping: 0.100100 ms MarkObjects: 6.238100 ms  DeleteObjects: 0.397200 ms)

AssetImportParameters requested are different than current active one (requested -> active):
  custom:video-decoder-ogg-theora: a1e56fd34408186e4bbccfd4996cb3dc -> 
  custom:container-muxer-webm: aa71ff27fc2769a1b78a27578f13a17b -> 
  custom:container-demuxer-webm: 4f35f7cbe854078d1ac9338744f61a02 -> 
  custom:video-encoder-webm-vp8: eb34c28f22e8b96e1ab97ce403110664 -> 
  custom:audio-encoder-webm-vorbis: bf7c407c2cedff20999df2af8eb42d56 -> 
  custom:framework-win-MediaFoundation: 216162199b28c13a410421893ffa2e32 -> 
  custom:container-demuxer-ogg: 62fdf1f143b41e24485cea50d1cbac27 -> 
  custom:video-decoder-webm-vp8: 9c59270c3fd7afecdb556c50c9e8de78 -> 
  custom:audio-decoder-ogg-vorbis: bf7c407c2cedff20999df2af8eb42d56 -> 
========================================================================
Received Import Request.
  Time since last request: 708293.861586 seconds.
  path: Assets/Materials/CatchParticleMaterial.mat
  artifactKey: Guid(96698ae29f5958e4095e46d1deadc2c2) Importer(815301076,1909f56bfc062723c751e8b465ee728b)
Start importing Assets/Materials/CatchParticleMaterial.mat using Guid(96698ae29f5958e4095e46d1deadc2c2) Importer(815301076,1909f56bfc062723c751e8b465ee728b)  -> (artifact id: 'd86d7b6182fc9f446c421b2763c985da') in 0.094873 seconds 
========================================================================
Received Import Request.
  Time since last request: 0.000018 seconds.
  path: Assets/Materials/CharacterMaterial.mat
  artifactKey: Guid(3b1950ef9e934be46959e8c83f844c58) Importer(815301076,1909f56bfc062723c751e8b465ee728b)
Start importing Assets/Materials/CharacterMaterial.mat using Guid(3b1950ef9e934be46959e8c83f844c58) Importer(815301076,1909f56bfc062723c751e8b465ee728b)  -> (artifact id: '947d498e951808182d9a74e397021ad7') in 0.037066 seconds 
========================================================================
Received Import Request.
  Time since last request: 0.000018 seconds.
  path: Assets/Materials/GroundMaterial.mat
  artifactKey: Guid(36f0f0188f8b7bd4490ffdded9fc0da6) Importer(815301076,1909f56bfc062723c751e8b465ee728b)
Start importing Assets/Materials/GroundMaterial.mat using Guid(36f0f0188f8b7bd4490ffdded9fc0da6) Importer(815301076,1909f56bfc062723c751e8b465ee728b)  -> (artifact id: 'c5756f06c0cc478e842bf786f228eea8') in 0.020248 seconds 
========================================================================
Received Import Request.
  Time since last request: 10.650328 seconds.
  path: Assets/Prefabs/Buildings/UV_Wall.prefab
  artifactKey: Guid(8a83be88a9b14f84b934c1f0ec3f7a9f) Importer(815301076,1909f56bfc062723c751e8b465ee728b)
Start importing Assets/Prefabs/Buildings/UV_Wall.prefab using Guid(8a83be88a9b14f84b934c1f0ec3f7a9f) Importer(815301076,1909f56bfc062723c751e8b465ee728b)  -> (artifact id: 'dbcb0d8a7752bbcbd886676ab9c67ab7') in 0.247017 seconds 
========================================================================
Received Import Request.
  Time since last request: 0.000022 seconds.
  path: Assets/Prefabs/Buildings/WallGroup1.prefab
  artifactKey: Guid(ac7c22e70a2d70644b56a7b1fc7eee61) Importer(815301076,1909f56bfc062723c751e8b465ee728b)
Start importing Assets/Prefabs/Buildings/WallGroup1.prefab using Guid(ac7c22e70a2d70644b56a7b1fc7eee61) Importer(815301076,1909f56bfc062723c751e8b465ee728b)  -> (artifact id: 'fbe956404fd3f42e61b6b0e1d4eb867f') in 0.055488 seconds 
========================================================================
Received Import Request.
  Time since last request: 4.703794 seconds.
  path: Assets/Prefabs/Props/LanternPost.prefab
  artifactKey: Guid(a2f0b7aae603765418c6568f445c8d5f) Importer(815301076,1909f56bfc062723c751e8b465ee728b)
Start importing Assets/Prefabs/Props/LanternPost.prefab using Guid(a2f0b7aae603765418c6568f445c8d5f) Importer(815301076,1909f56bfc062723c751e8b465ee728b)  -> (artifact id: '08acbdedec4fa19ec2e27426b1a14b58') in 0.297835 seconds 
========================================================================
Received Import Request.
  Time since last request: 0.000022 seconds.
  path: Assets/Prefabs/Props/UV_Table.prefab
  artifactKey: Guid(7b93f619b43443b4c9f11e8d93590007) Importer(815301076,1909f56bfc062723c751e8b465ee728b)
Start importing Assets/Prefabs/Props/UV_Table.prefab using Guid(7b93f619b43443b4c9f11e8d93590007) Importer(815301076,1909f56bfc062723c751e8b465ee728b)  -> (artifact id: 'fcfdb03218f661c56d7b1f10ecc5e9bd') in 0.040235 seconds 
========================================================================
Received Import Request.
  Time since last request: 0.000031 seconds.
  path: Assets/Prefabs/Props/StackOCrates1.prefab
  artifactKey: Guid(d555ae208f96d4749988fbb14ad745f7) Importer(815301076,1909f56bfc062723c751e8b465ee728b)
Start importing Assets/Prefabs/Props/StackOCrates1.prefab using Guid(d555ae208f96d4749988fbb14ad745f7) Importer(815301076,1909f56bfc062723c751e8b465ee728b)  -> (artifact id: '04eb8d88723dfde2b8f36eb57116ebe0') in 0.020344 seconds 
========================================================================
Received Import Request.
  Time since last request: 0.000019 seconds.
  path: Assets/Prefabs/Props/UV_Crate.prefab
  artifactKey: Guid(91f45a667c0866745baf377ed2bd06ea) Importer(815301076,1909f56bfc062723c751e8b465ee728b)
Start importing Assets/Prefabs/Props/UV_Crate.prefab using Guid(91f45a667c0866745baf377ed2bd06ea) Importer(815301076,1909f56bfc062723c751e8b465ee728b)  -> (artifact id: '2c0ac41cc6b854afc35680ef5d7e869e') in 0.018740 seconds 
========================================================================
Received Import Request.
  Time since last request: 0.000025 seconds.
  path: Assets/Prefabs/Props/UV_Mug.prefab
  artifactKey: Guid(6cf12dbaee990784d8a24eb51c7d51c2) Importer(815301076,1909f56bfc062723c751e8b465ee728b)
Start importing Assets/Prefabs/Props/UV_Mug.prefab using Guid(6cf12dbaee990784d8a24eb51c7d51c2) Importer(815301076,1909f56bfc062723c751e8b465ee728b)  -> (artifact id: '11613758026b6a2f654f90b7e1b99d76') in 0.019825 seconds 
========================================================================
Received Import Request.
  Time since last request: 0.000032 seconds.
  path: Assets/Prefabs/Props/UV_Chair.prefab
  artifactKey: Guid(57bc84dc967a7e64eb3b54cef9a96286) Importer(815301076,1909f56bfc062723c751e8b465ee728b)
Start importing Assets/Prefabs/Props/UV_Chair.prefab using Guid(57bc84dc967a7e64eb3b54cef9a96286) Importer(815301076,1909f56bfc062723c751e8b465ee728b)  -> (artifact id: 'ae8b5f87c81abbe771ea99dd0e6c03f8') in 0.021429 seconds 
========================================================================
Received Import Request.
  Time since last request: 0.000024 seconds.
  path: Assets/Prefabs/Props/UV_Wheelbarrow.prefab
  artifactKey: Guid(4e3d6110f26165844980a60d73de279e) Importer(815301076,1909f56bfc062723c751e8b465ee728b)
Start importing Assets/Prefabs/Props/UV_Wheelbarrow.prefab using Guid(4e3d6110f26165844980a60d73de279e) Importer(815301076,1909f56bfc062723c751e8b465ee728b)  -> (artifact id: 'c5cb8445d0aefea091cf85051a8b84b2') in 0.020572 seconds 
========================================================================
Received Import Request.
  Time since last request: 0.000021 seconds.
  path: Assets/Prefabs/Props/StackOBarrel1.prefab
  artifactKey: Guid(61a97f55b49c4fb4cb9efab1a736efcf) Importer(815301076,1909f56bfc062723c751e8b465ee728b)
Start importing Assets/Prefabs/Props/StackOBarrel1.prefab using Guid(61a97f55b49c4fb4cb9efab1a736efcf) Importer(815301076,1909f56bfc062723c751e8b465ee728b)  -> (artifact id: 'a78769bf32fc2675dacfd7dd20033d83') in 0.103327 seconds 
========================================================================
Received Import Request.
  Time since last request: 7.025573 seconds.
  path: Assets/Prefabs/Props/Fences/FenceGroup3.prefab
  artifactKey: Guid(c3af32bd498b6f445a19e9fe868a5cbe) Importer(815301076,1909f56bfc062723c751e8b465ee728b)
Start importing Assets/Prefabs/Props/Fences/FenceGroup3.prefab using Guid(c3af32bd498b6f445a19e9fe868a5cbe) Importer(815301076,1909f56bfc062723c751e8b465ee728b)  -> (artifact id: 'ac5d1256912ff9c72293aa44402ba5f5') in 0.166597 seconds 
========================================================================
Received Import Request.
  Time since last request: 0.000024 seconds.
  path: Assets/Prefabs/Props/Fences/FencesPlateau.prefab
  artifactKey: Guid(8c8a4f4ad8ab2cc4183e7c34fa4650ec) Importer(815301076,1909f56bfc062723c751e8b465ee728b)
Start importing Assets/Prefabs/Props/Fences/FencesPlateau.prefab using Guid(8c8a4f4ad8ab2cc4183e7c34fa4650ec) Importer(815301076,1909f56bfc062723c751e8b465ee728b)  -> (artifact id: '1c5600bdb05043220b7718fcdf95b347') in 0.089137 seconds 
========================================================================
Received Import Request.
  Time since last request: 0.000068 seconds.
  path: Assets/Prefabs/Props/Fences/UV_FencePost.prefab
  artifactKey: Guid(4d46dcac4fa89ec49b67b6059a82626e) Importer(815301076,1909f56bfc062723c751e8b465ee728b)
Start importing Assets/Prefabs/Props/Fences/UV_FencePost.prefab using Guid(4d46dcac4fa89ec49b67b6059a82626e) Importer(815301076,1909f56bfc062723c751e8b465ee728b)  -> (artifact id: '4c9419e4510bfb4af60fbe7a2b652b2b') in 0.023707 seconds 
Editor requested this worker to shutdown with reason: Scaling down because of idle timeout
AssetImportWorker is now disconnected from the server
Process exiting
Exiting without the bug reporter. Application will terminate with return code 0