Using pre-set license
Built from '2021.3/staging' branch; Version is '2021.3.11f1 (0a5ca18544bf) revision 679073'; Using compiler version '192829333'; Build Type 'Release'
OS: 'Windows 11  (10.0.22621) 64bit Core' Language: 'en' Physical Memory: 16085 MB
BatchMode: 1, IsHumanControllingUs: 0, StartBugReporterOnCrash: 0, Is64bit: 1, IsPro: 1

COMMAND LINE ARGUMENTS:
C:\Program Files\Unity\Hub\Editor\2021.3.11f1\Editor\Unity.exe
-adb2
-batchMode
-noUpm
-name
AssetImportWorker3
-projectPath
C:/GITHUB PROJECTS/Game330Feature_GOW/GodofWar-AxeThrow
-logFile
Logs/AssetImportWorker3.log
-srvPort
63893
Successfully changed project path to: C:/GITHUB PROJECTS/Game330Feature_GOW/GodofWar-AxeThrow
C:/GITHUB PROJECTS/Game330Feature_GOW/GodofWar-AxeThrow
[UnityMemory] Configuration Parameters - Can be set up in boot.config
    "memorysetup-bucket-allocator-granularity=16"
    "memorysetup-bucket-allocator-bucket-count=8"
    "memorysetup-bucket-allocator-block-size=33554432"
    "memorysetup-bucket-allocator-block-count=8"
    "memorysetup-main-allocator-block-size=16777216"
    "memorysetup-thread-allocator-block-size=16777216"
    "memorysetup-gfx-main-allocator-block-size=16777216"
    "memorysetup-gfx-thread-allocator-block-size=16777216"
    "memorysetup-cache-allocator-block-size=4194304"
    "memorysetup-typetree-allocator-block-size=2097152"
    "memorysetup-profiler-bucket-allocator-granularity=16"
    "memorysetup-profiler-bucket-allocator-bucket-count=8"
    "memorysetup-profiler-bucket-allocator-block-size=33554432"
    "memorysetup-profiler-bucket-allocator-block-count=8"
    "memorysetup-profiler-allocator-block-size=16777216"
    "memorysetup-profiler-editor-allocator-block-size=1048576"
    "memorysetup-temp-allocator-size-main=16777216"
    "memorysetup-job-temp-allocator-block-size=2097152"
    "memorysetup-job-temp-allocator-block-size-background=1048576"
    "memorysetup-job-temp-allocator-reduction-small-platforms=262144"
    "memorysetup-temp-allocator-size-background-worker=32768"
    "memorysetup-temp-allocator-size-job-worker=262144"
    "memorysetup-temp-allocator-size-preload-manager=33554432"
    "memorysetup-temp-allocator-size-nav-mesh-worker=65536"
    "memorysetup-temp-allocator-size-audio-worker=65536"
    "memorysetup-temp-allocator-size-cloud-worker=32768"
    "memorysetup-temp-allocator-size-gi-baking-worker=262144"
    "memorysetup-temp-allocator-size-gfx=262144"
Refreshing native plugins compatible for Editor in 74.07 ms, found 2 plugins.
Preloading 0 native plugins for Editor in 0.00 ms.
Initialize engine version: 2021.3.11f1 (0a5ca18544bf)
[Subsystems] Discovering subsystems at path C:/Program Files/Unity/Hub/Editor/2021.3.11f1/Editor/Data/Resources/UnitySubsystems
[Subsystems] Discovering subsystems at path C:/GITHUB PROJECTS/Game330Feature_GOW/GodofWar-AxeThrow/Assets
GfxDevice: creating device client; threaded=0; jobified=0
Direct3D:
    Version:  Direct3D 11.0 [level 11.1]
    Renderer: NVIDIA GeForce RTX 3060 Laptop GPU (ID=0x2520)
    Vendor:   NVIDIA
    VRAM:     6023 MB
    Driver:   31.0.15.2225
Initialize mono
Mono path[0] = 'C:/Program Files/Unity/Hub/Editor/2021.3.11f1/Editor/Data/Managed'
Mono path[1] = 'C:/Program Files/Unity/Hub/Editor/2021.3.11f1/Editor/Data/MonoBleedingEdge/lib/mono/unityjit-win32'
Mono config path = 'C:/Program Files/Unity/Hub/Editor/2021.3.11f1/Editor/Data/MonoBleedingEdge/etc'
Using monoOptions --debugger-agent=transport=dt_socket,embedding=1,server=y,suspend=n,address=127.0.0.1:56556
Begin MonoManager ReloadAssembly
Registering precompiled unity dll's ...
Register platform support module: C:/Program Files/Unity/Hub/Editor/2021.3.11f1/Editor/Data/PlaybackEngines/WebGLSupport/UnityEditor.WebGL.Extensions.dll
Register platform support module: C:/Program Files/Unity/Hub/Editor/2021.3.11f1/Editor/Data/PlaybackEngines/AndroidPlayer/UnityEditor.Android.Extensions.dll
Register platform support module: C:/Program Files/Unity/Hub/Editor/2021.3.11f1/Editor/Data/PlaybackEngines/iOSSupport/UnityEditor.iOS.Extensions.dll
Register platform support module: C:/Program Files/Unity/Hub/Editor/2021.3.11f1/Editor/Data/PlaybackEngines/WindowsStandaloneSupport/UnityEditor.WindowsStandalone.Extensions.dll
Registered in 0.008729 seconds.
Native extension for WindowsStandalone target not found
Native extension for iOS target not found
Native extension for Android target not found
Native extension for WebGL target not found
Refreshing native plugins compatible for Editor in 55.54 ms, found 2 plugins.
Preloading 0 native plugins for Editor in 0.00 ms.
Mono: successfully reloaded assembly
- Completed reload, in  0.566 seconds
Domain Reload Profiling:
	ReloadAssembly (567ms)
		BeginReloadAssembly (66ms)
			ExecutionOrderSort (0ms)
			DisableScriptedObjects (0ms)
			BackupInstance (0ms)
			ReleaseScriptingObjects (0ms)
			CreateAndSetChildDomain (1ms)
		EndReloadAssembly (406ms)
			LoadAssemblies (64ms)
			RebuildTransferFunctionScriptingTraits (0ms)
			SetupTypeCache (88ms)
			ReleaseScriptCaches (0ms)
			RebuildScriptCaches (27ms)
			SetupLoadedEditorAssemblies (244ms)
				LogAssemblyErrors (0ms)
				InitializePlatformSupportModulesInManaged (66ms)
				SetLoadedEditorAssemblies (0ms)
				RefreshPlugins (56ms)
				BeforeProcessingInitializeOnLoad (1ms)
				ProcessInitializeOnLoadAttributes (82ms)
				ProcessInitializeOnLoadMethodAttributes (38ms)
				AfterProcessingInitializeOnLoad (0ms)
				EditorAssembliesLoaded (0ms)
			ExecutionOrderSort2 (0ms)
			AwakeInstancesAfterBackupRestoration (0ms)
Platform modules already initialized, skipping
Registering precompiled user dll's ...
Registered in 0.006886 seconds.
Begin MonoManager ReloadAssembly
Native extension for WindowsStandalone target not found
Native extension for iOS target not found
Native extension for Android target not found
Native extension for WebGL target not found
Refreshing native plugins compatible for Editor in 0.81 ms, found 2 plugins.
Preloading 0 native plugins for Editor in 0.00 ms.
Package Manager log level set to [2]
Mono: successfully reloaded assembly
- Completed reload, in  1.627 seconds
Domain Reload Profiling:
	ReloadAssembly (1628ms)
		BeginReloadAssembly (254ms)
			ExecutionOrderSort (0ms)
			DisableScriptedObjects (7ms)
			BackupInstance (0ms)
			ReleaseScriptingObjects (0ms)
			CreateAndSetChildDomain (135ms)
		EndReloadAssembly (1234ms)
			LoadAssemblies (122ms)
			RebuildTransferFunctionScriptingTraits (0ms)
			SetupTypeCache (250ms)
			ReleaseScriptCaches (1ms)
			RebuildScriptCaches (85ms)
			SetupLoadedEditorAssemblies (719ms)
				LogAssemblyErrors (0ms)
				InitializePlatformSupportModulesInManaged (28ms)
				SetLoadedEditorAssemblies (0ms)
				RefreshPlugins (1ms)
				BeforeProcessingInitializeOnLoad (97ms)
				ProcessInitializeOnLoadAttributes (464ms)
				ProcessInitializeOnLoadMethodAttributes (119ms)
				AfterProcessingInitializeOnLoad (10ms)
				EditorAssembliesLoaded (0ms)
			ExecutionOrderSort2 (0ms)
			AwakeInstancesAfterBackupRestoration (7ms)
Platform modules already initialized, skipping
========================================================================
Worker process is ready to serve import requests
Launched and connected shader compiler UnityShaderCompiler.exe after 0.05 seconds
Refreshing native plugins compatible for Editor in 0.78 ms, found 2 plugins.
Preloading 0 native plugins for Editor in 0.00 ms.
Unloading 3153 Unused Serialized files (Serialized files now loaded: 0)
Unloading 197 unused Assets / (1.4 MB). Loaded Objects now: 3599.
Memory consumption went from 221.6 MB to 220.2 MB.
Total: 7.881000 ms (FindLiveObjects: 0.245700 ms CreateObjectMapping: 0.075300 ms MarkObjects: 7.031100 ms  DeleteObjects: 0.527700 ms)

AssetImportParameters requested are different than current active one (requested -> active):
  custom:video-decoder-ogg-theora: a1e56fd34408186e4bbccfd4996cb3dc -> 
  custom:container-muxer-webm: aa71ff27fc2769a1b78a27578f13a17b -> 
  custom:container-demuxer-webm: 4f35f7cbe854078d1ac9338744f61a02 -> 
  custom:video-encoder-webm-vp8: eb34c28f22e8b96e1ab97ce403110664 -> 
  custom:audio-encoder-webm-vorbis: bf7c407c2cedff20999df2af8eb42d56 -> 
  custom:framework-win-MediaFoundation: 216162199b28c13a410421893ffa2e32 -> 
  custom:container-demuxer-ogg: 62fdf1f143b41e24485cea50d1cbac27 -> 
  custom:video-decoder-webm-vp8: 9c59270c3fd7afecdb556c50c9e8de78 -> 
  custom:audio-decoder-ogg-vorbis: bf7c407c2cedff20999df2af8eb42d56 -> 
========================================================================
Received Import Request.
  Time since last request: 500494.949201 seconds.
  path: Assets/Materials/Props/Crate/DefaultMaterial_Normal_DirectX.png
  artifactKey: Guid(e452022b5055e374383d86142ca245d6) Importer(815301076,1909f56bfc062723c751e8b465ee728b)
Start importing Assets/Materials/Props/Crate/DefaultMaterial_Normal_DirectX.png using Guid(e452022b5055e374383d86142ca245d6) Importer(815301076,1909f56bfc062723c751e8b465ee728b)  -> (artifact id: 'da63d29d53f174486f831e3f84068035') in 0.092957 seconds 
========================================================================
Received Import Request.
  Time since last request: 16.938880 seconds.
  path: Assets/UnityTechnologies/ParticlePack/EffectExamples/Smoke & Steam Effects/Prefabs/DustStorm.prefab
  artifactKey: Guid(9e03786a9517b604d8e930182607a128) Importer(815301076,1909f56bfc062723c751e8b465ee728b)
Start importing Assets/UnityTechnologies/ParticlePack/EffectExamples/Smoke & Steam Effects/Prefabs/DustStorm.prefab using Guid(9e03786a9517b604d8e930182607a128) Importer(815301076,1909f56bfc062723c751e8b465ee728b)  -> (artifact id: '58a203751f6d1c0a69b359e108f53368') in 0.061588 seconds 
========================================================================
Received Import Request.
  Time since last request: 57.300953 seconds.
  path: Assets/UnityTechnologies/ParticlePack/EffectExamples/Weapon Effects/Textures/WoodAlbedo.tif
  artifactKey: Guid(b81b746ea3b5a4f4ab92a152e3b0b01d) Importer(815301076,1909f56bfc062723c751e8b465ee728b)
Start importing Assets/UnityTechnologies/ParticlePack/EffectExamples/Weapon Effects/Textures/WoodAlbedo.tif using Guid(b81b746ea3b5a4f4ab92a152e3b0b01d) Importer(815301076,1909f56bfc062723c751e8b465ee728b)  -> (artifact id: '1155e443001e46f9dff6271de79d8eab') in 0.048387 seconds 
========================================================================
Received Import Request.
  Time since last request: 0.000025 seconds.
  path: Assets/UnityTechnologies/ParticlePack/EffectExamples/Weapon Effects/Textures/woodSplintersAlbedo.tif
  artifactKey: Guid(477c430b429f1a24282dab34a73b4cca) Importer(815301076,1909f56bfc062723c751e8b465ee728b)
Start importing Assets/UnityTechnologies/ParticlePack/EffectExamples/Weapon Effects/Textures/woodSplintersAlbedo.tif using Guid(477c430b429f1a24282dab34a73b4cca) Importer(815301076,1909f56bfc062723c751e8b465ee728b)  -> (artifact id: 'eeb81ca0362610f36a83fb9433af9f42') in 0.027555 seconds 
========================================================================
Received Import Request.
  Time since last request: 0.000016 seconds.
  path: Assets/UnityTechnologies/ParticlePack/EffectExamples/Weapon Effects/Textures/WoodBulletHoleAlbedo.tif
  artifactKey: Guid(4c5f9569d875837419e6fb548cd8ad42) Importer(815301076,1909f56bfc062723c751e8b465ee728b)
Start importing Assets/UnityTechnologies/ParticlePack/EffectExamples/Weapon Effects/Textures/WoodBulletHoleAlbedo.tif using Guid(4c5f9569d875837419e6fb548cd8ad42) Importer(815301076,1909f56bfc062723c751e8b465ee728b)  -> (artifact id: '99469f59a0d46c402bd5d95703695bde') in 0.016410 seconds 
========================================================================
Received Import Request.
  Time since last request: 44.567364 seconds.
  path: Assets/Materials/Buildings/WallTower/DefaultMaterial_Normal_DirectX.png
  artifactKey: Guid(c01180fb85a7fa04ea9d6fd3688416ae) Importer(815301076,1909f56bfc062723c751e8b465ee728b)
Start importing Assets/Materials/Buildings/WallTower/DefaultMaterial_Normal_DirectX.png using Guid(c01180fb85a7fa04ea9d6fd3688416ae) Importer(815301076,1909f56bfc062723c751e8b465ee728b)  -> (artifact id: 'a57124b7eff59b89a060b08537064714') in 0.037193 seconds 
========================================================================
Received Import Request.
  Time since last request: 0.000026 seconds.
  path: Assets/Materials/Props/Chair/DefaultMaterial_Roughness.png
  artifactKey: Guid(d9d642ca19dd84541b9523855a5f9fb2) Importer(815301076,1909f56bfc062723c751e8b465ee728b)
Start importing Assets/Materials/Props/Chair/DefaultMaterial_Roughness.png using Guid(d9d642ca19dd84541b9523855a5f9fb2) Importer(815301076,1909f56bfc062723c751e8b465ee728b)  -> (artifact id: 'bdf3b258149a99251103aefbbf36bdb4') in 0.023350 seconds 
========================================================================
Received Import Request.
  Time since last request: 0.000025 seconds.
  path: Assets/Materials/Landscapes/Volcano1/DefaultMaterial_Roughness.png
  artifactKey: Guid(8d14c1c38943a9e40bf0c7e01ded8a30) Importer(815301076,1909f56bfc062723c751e8b465ee728b)
Start importing Assets/Materials/Landscapes/Volcano1/DefaultMaterial_Roughness.png using Guid(8d14c1c38943a9e40bf0c7e01ded8a30) Importer(815301076,1909f56bfc062723c751e8b465ee728b)  -> (artifact id: '19b3ca127319400d63b5e90a3c3db37a') in 0.017023 seconds 
========================================================================
Received Import Request.
  Time since last request: 2.591658 seconds.
  path: Assets/Materials/Landscapes/Crystal_Purple/DefaultMaterial_Normal_DirectX.png
  artifactKey: Guid(82b331c7b94a94641b519b0f53652c09) Importer(815301076,1909f56bfc062723c751e8b465ee728b)
Start importing Assets/Materials/Landscapes/Crystal_Purple/DefaultMaterial_Normal_DirectX.png using Guid(82b331c7b94a94641b519b0f53652c09) Importer(815301076,1909f56bfc062723c751e8b465ee728b)  -> (artifact id: '84256120e6e17dad4777bffcc1ded316') in 0.028516 seconds 
========================================================================
Received Import Request.
  Time since last request: 0.000015 seconds.
  path: Assets/Materials/Landscapes/Volcano1/DefaultMaterial_Normal_DirectX.png
  artifactKey: Guid(de5cd43eab432734984c6b8fe840cc92) Importer(815301076,1909f56bfc062723c751e8b465ee728b)
Start importing Assets/Materials/Landscapes/Volcano1/DefaultMaterial_Normal_DirectX.png using Guid(de5cd43eab432734984c6b8fe840cc92) Importer(815301076,1909f56bfc062723c751e8b465ee728b)  -> (artifact id: '038e7e8d0d474a23c8f330bba69313d4') in 0.031728 seconds 
========================================================================
Received Import Request.
  Time since last request: 0.000023 seconds.
  path: Assets/Materials/Props/Chair/DefaultMaterial_Normal_DirectX.png
  artifactKey: Guid(01e6b521008fae545b17ac83fc760387) Importer(815301076,1909f56bfc062723c751e8b465ee728b)
Start importing Assets/Materials/Props/Chair/DefaultMaterial_Normal_DirectX.png using Guid(01e6b521008fae545b17ac83fc760387) Importer(815301076,1909f56bfc062723c751e8b465ee728b)  -> (artifact id: '04bc57e27e8f0b7d8b23bff7fc8ad381') in 0.032722 seconds 
========================================================================
Received Import Request.
  Time since last request: 0.000019 seconds.
  path: Assets/Materials/Castle/CastleSpire4/DefaultMaterial_Normal_DirectX.png
  artifactKey: Guid(de6ec4a426dad4b4989ca8aa179cc741) Importer(815301076,1909f56bfc062723c751e8b465ee728b)
Start importing Assets/Materials/Castle/CastleSpire4/DefaultMaterial_Normal_DirectX.png using Guid(de6ec4a426dad4b4989ca8aa179cc741) Importer(815301076,1909f56bfc062723c751e8b465ee728b)  -> (artifact id: 'a232193a537486989c7e5c2842eb9d49') in 0.043761 seconds 
========================================================================
Received Import Request.
  Time since last request: 0.000019 seconds.
  path: Assets/Materials/Props/Wheelbarrow/DefaultMaterial_Normal_DirectX.png
  artifactKey: Guid(ef78cbf2b91d35941b2c59702789791e) Importer(815301076,1909f56bfc062723c751e8b465ee728b)
Start importing Assets/Materials/Props/Wheelbarrow/DefaultMaterial_Normal_DirectX.png using Guid(ef78cbf2b91d35941b2c59702789791e) Importer(815301076,1909f56bfc062723c751e8b465ee728b)  -> (artifact id: 'b40b4f847c8a05fce3b12e61e9d059b7') in 0.026117 seconds 
========================================================================
Received Import Request.
  Time since last request: 0.000018 seconds.
  path: Assets/Materials/Castle/CastleSpire4/DefaultMaterial_Mixed_AO.png
  artifactKey: Guid(fe03e00ddbf5d0243afa2b5144e5e0f0) Importer(815301076,1909f56bfc062723c751e8b465ee728b)
Start importing Assets/Materials/Castle/CastleSpire4/DefaultMaterial_Mixed_AO.png using Guid(fe03e00ddbf5d0243afa2b5144e5e0f0) Importer(815301076,1909f56bfc062723c751e8b465ee728b)  -> (artifact id: '61de47801b509e2ca009796a897e631e') in 0.019204 seconds 
========================================================================
Received Import Request.
  Time since last request: 0.000023 seconds.
  path: Assets/Materials/Landscapes/Volcano1/DefaultMaterial_Mixed_AO.png
  artifactKey: Guid(b52e67e525c004541a40dbae52e08a35) Importer(815301076,1909f56bfc062723c751e8b465ee728b)
Start importing Assets/Materials/Landscapes/Volcano1/DefaultMaterial_Mixed_AO.png using Guid(b52e67e525c004541a40dbae52e08a35) Importer(815301076,1909f56bfc062723c751e8b465ee728b)  -> (artifact id: 'd7aaa83a6795a1e287f202de2fbc8f2c') in 0.013923 seconds 
========================================================================
Received Import Request.
  Time since last request: 0.293620 seconds.
  path: Assets/Materials/Buildings/Wall/DefaultMaterial_Mixed_AO.png
  artifactKey: Guid(2a698d7fa1fa35346a3d877142f50c53) Importer(815301076,1909f56bfc062723c751e8b465ee728b)
Start importing Assets/Materials/Buildings/Wall/DefaultMaterial_Mixed_AO.png using Guid(2a698d7fa1fa35346a3d877142f50c53) Importer(815301076,1909f56bfc062723c751e8b465ee728b)  -> (artifact id: '5b79a00368a401430a66e4f2e1c10db1') in 0.018956 seconds 
========================================================================
Received Import Request.
  Time since last request: 0.000018 seconds.
  path: Assets/Materials/Landscapes/Crystal_Purple/DefaultMaterial_Mixed_AO.png
  artifactKey: Guid(69eb5dfa1a0820649a88b935b68db417) Importer(815301076,1909f56bfc062723c751e8b465ee728b)
Start importing Assets/Materials/Landscapes/Crystal_Purple/DefaultMaterial_Mixed_AO.png using Guid(69eb5dfa1a0820649a88b935b68db417) Importer(815301076,1909f56bfc062723c751e8b465ee728b)  -> (artifact id: '6e4eb307d61698e21a45ea65e27dc052') in 0.010268 seconds 
========================================================================
Received Import Request.
  Time since last request: 0.019714 seconds.
  path: Assets/Materials/Props/FencePost/DefaultMaterial_Mixed_AO.png
  artifactKey: Guid(036dd171222f92a41b5cfc149d1281c1) Importer(815301076,1909f56bfc062723c751e8b465ee728b)
Start importing Assets/Materials/Props/FencePost/DefaultMaterial_Mixed_AO.png using Guid(036dd171222f92a41b5cfc149d1281c1) Importer(815301076,1909f56bfc062723c751e8b465ee728b)  -> (artifact id: '17b2a7e47d6a05542c8ba256c550e863') in 0.013903 seconds 
========================================================================
Received Import Request.
  Time since last request: 0.000019 seconds.
  path: Assets/Materials/Props/LampPost/DefaultMaterial_Mixed_AO.png
  artifactKey: Guid(6bb06728a7b213f4587a0c816e339637) Importer(815301076,1909f56bfc062723c751e8b465ee728b)
Start importing Assets/Materials/Props/LampPost/DefaultMaterial_Mixed_AO.png using Guid(6bb06728a7b213f4587a0c816e339637) Importer(815301076,1909f56bfc062723c751e8b465ee728b)  -> (artifact id: 'fe99feac907e85e05aa0e49d5516e600') in 0.013622 seconds 
========================================================================
Received Import Request.
  Time since last request: 0.014086 seconds.
  path: Assets/Materials/Props/Barrel/DefaultMaterial_Metallic.png
  artifactKey: Guid(a959c62b8ec0ceb44afb866bd9767ede) Importer(815301076,1909f56bfc062723c751e8b465ee728b)
Start importing Assets/Materials/Props/Barrel/DefaultMaterial_Metallic.png using Guid(a959c62b8ec0ceb44afb866bd9767ede) Importer(815301076,1909f56bfc062723c751e8b465ee728b)  -> (artifact id: '2200999b8610df7fdf15e389cbc3e2c5') in 0.020324 seconds 
========================================================================
Received Import Request.
  Time since last request: 0.000020 seconds.
  path: Assets/Materials/Buildings/Tavern/DefaultMaterial_Mixed_AO.png
  artifactKey: Guid(0e78d2c6db3ff54438b2aebe87e6009e) Importer(815301076,1909f56bfc062723c751e8b465ee728b)
Start importing Assets/Materials/Buildings/Tavern/DefaultMaterial_Mixed_AO.png using Guid(0e78d2c6db3ff54438b2aebe87e6009e) Importer(815301076,1909f56bfc062723c751e8b465ee728b)  -> (artifact id: 'aba3879345e142d50fcf9da59166a260') in 0.016662 seconds 
========================================================================
Received Import Request.
  Time since last request: 0.250724 seconds.
  path: Assets/Materials/Castle/CastleBase1/DefaultMaterial_Height.png
  artifactKey: Guid(881648ef88024d947ad394f5de9f7514) Importer(815301076,1909f56bfc062723c751e8b465ee728b)
Start importing Assets/Materials/Castle/CastleBase1/DefaultMaterial_Height.png using Guid(881648ef88024d947ad394f5de9f7514) Importer(815301076,1909f56bfc062723c751e8b465ee728b)  -> (artifact id: '18896e568fd0dd6532463a56926c919d') in 0.022138 seconds 
========================================================================
Received Import Request.
  Time since last request: 0.000019 seconds.
  path: Assets/Materials/Props/Lantern/DefaultMaterial_Height.png
  artifactKey: Guid(4e96e937d737df64b9206aab2d75444a) Importer(815301076,1909f56bfc062723c751e8b465ee728b)
Start importing Assets/Materials/Props/Lantern/DefaultMaterial_Height.png using Guid(4e96e937d737df64b9206aab2d75444a) Importer(815301076,1909f56bfc062723c751e8b465ee728b)  -> (artifact id: 'be027d383fdd778cdb7f522af9a99ed5') in 0.017142 seconds 
========================================================================
Received Import Request.
  Time since last request: 0.000017 seconds.
  path: Assets/Materials/Castle/CastleSpire4/DefaultMaterial_Height.png
  artifactKey: Guid(25e6cb2e029f4c640a61c25de2a81001) Importer(815301076,1909f56bfc062723c751e8b465ee728b)
Start importing Assets/Materials/Castle/CastleSpire4/DefaultMaterial_Height.png using Guid(25e6cb2e029f4c640a61c25de2a81001) Importer(815301076,1909f56bfc062723c751e8b465ee728b)  -> (artifact id: '21fc4240410b300267bb27d0a0034ac6') in 0.015751 seconds 
========================================================================
Received Import Request.
  Time since last request: 0.000019 seconds.
  path: Assets/Materials/Castle/CastleSpire1/DefaultMaterial_Height.png
  artifactKey: Guid(638735d7c67a0e24984a41b7bf38704c) Importer(815301076,1909f56bfc062723c751e8b465ee728b)
Start importing Assets/Materials/Castle/CastleSpire1/DefaultMaterial_Height.png using Guid(638735d7c67a0e24984a41b7bf38704c) Importer(815301076,1909f56bfc062723c751e8b465ee728b)  -> (artifact id: '0174335047023210ca02ec9fab340978') in 0.013573 seconds 
========================================================================
Received Import Request.
  Time since last request: 0.000016 seconds.
  path: Assets/Materials/Props/LogPile/DefaultMaterial_Height.png
  artifactKey: Guid(e0307ee075dd063439daa491a27e179b) Importer(815301076,1909f56bfc062723c751e8b465ee728b)
Start importing Assets/Materials/Props/LogPile/DefaultMaterial_Height.png using Guid(e0307ee075dd063439daa491a27e179b) Importer(815301076,1909f56bfc062723c751e8b465ee728b)  -> (artifact id: '72d721ea40aa45a1d6534bc487ea1f9c') in 0.017247 seconds 
========================================================================
Received Import Request.
  Time since last request: 0.000018 seconds.
  path: Assets/Materials/Landscapes/Crystal_Red/DefaultMaterial_Height.png
  artifactKey: Guid(89562322fdce5564b99d574e075b6939) Importer(815301076,1909f56bfc062723c751e8b465ee728b)
Start importing Assets/Materials/Landscapes/Crystal_Red/DefaultMaterial_Height.png using Guid(89562322fdce5564b99d574e075b6939) Importer(815301076,1909f56bfc062723c751e8b465ee728b)  -> (artifact id: 'e975b6103f48554ec88684641fee9d71') in 0.011781 seconds 
========================================================================
Received Import Request.
  Time since last request: 0.158335 seconds.
  path: Assets/Materials/Props/Lantern/DefaultMaterial_Emissive.png
  artifactKey: Guid(82e29a54d1fb6a44f847948c204e03b0) Importer(815301076,1909f56bfc062723c751e8b465ee728b)
Start importing Assets/Materials/Props/Lantern/DefaultMaterial_Emissive.png using Guid(82e29a54d1fb6a44f847948c204e03b0) Importer(815301076,1909f56bfc062723c751e8b465ee728b)  -> (artifact id: 'ddd017798aedd99e8e39dbd3095b1beb') in 0.015439 seconds 
========================================================================
Received Import Request.
  Time since last request: 0.037449 seconds.
  path: Assets/Materials/Props/Table1/DefaultMaterial_Base_color.png
  artifactKey: Guid(c9d42aeee65388641a57bc2ecc752058) Importer(815301076,1909f56bfc062723c751e8b465ee728b)
Start importing Assets/Materials/Props/Table1/DefaultMaterial_Base_color.png using Guid(c9d42aeee65388641a57bc2ecc752058) Importer(815301076,1909f56bfc062723c751e8b465ee728b)  -> (artifact id: '26d1c010e90e45819c50bcdbaea126fa') in 0.019247 seconds 
========================================================================
Received Import Request.
  Time since last request: 0.000024 seconds.
  path: Assets/Materials/Buildings/WallTower/DefaultMaterial_Base_color.png
  artifactKey: Guid(0b41430395db597429bafb5dc469861f) Importer(815301076,1909f56bfc062723c751e8b465ee728b)
Start importing Assets/Materials/Buildings/WallTower/DefaultMaterial_Base_color.png using Guid(0b41430395db597429bafb5dc469861f) Importer(815301076,1909f56bfc062723c751e8b465ee728b)  -> (artifact id: 'c380efac245428a520a122b51cab016c') in 0.017379 seconds 
========================================================================
Received Import Request.
  Time since last request: 0.263848 seconds.
  path: Assets/Materials/Castle/CastleSpire4/DefaultMaterial_Base_color.png
  artifactKey: Guid(87c91a34ca4c10547844521cbd4191eb) Importer(815301076,1909f56bfc062723c751e8b465ee728b)
Start importing Assets/Materials/Castle/CastleSpire4/DefaultMaterial_Base_color.png using Guid(87c91a34ca4c10547844521cbd4191eb) Importer(815301076,1909f56bfc062723c751e8b465ee728b)  -> (artifact id: 'fa7647000f5e06318ba418452fb11e8b') in 0.018979 seconds 
Editor requested this worker to shutdown with reason: Scaling down because of idle timeout
AssetImportWorker is now disconnected from the server
Process exiting
Exiting without the bug reporter. Application will terminate with return code 0